Start testing: Nov 08 12:02 CET
----------------------------------------------------------
1/1 Testing: ai_file_sorter_tests
1/1 Test: ai_file_sorter_tests
Command: "/home/evoid/projects/ai-file-sorter/app/build-tests/ai_file_sorter_tests"
Directory: /home/evoid/projects/ai-file-sorter/app/build-tests
"ai_file_sorter_tests" start time: Nov 08 12:02 CET
Output:
----------------------------------------------------------
Randomness seeded to: 1480778172
===============================================================================
All tests passed (2 assertions in 2 test cases)

<end of output>
Test time =   0.01 sec
----------------------------------------------------------
Test Passed.
"ai_file_sorter_tests" end time: Nov 08 12:02 CET
"ai_file_sorter_tests" time elapsed: 00:00:00
----------------------------------------------------------

End testing: Nov 08 12:02 CET
